2017-06-10 10:43:40 INFO  Scenario_Search:27 - Executing the Testcase GB_01 Order set is  1.0
2017-06-10 10:43:53 INFO  Scenario_Search:36 - Passed as Actual Result is  Sorry! There are no products to display.  Expected Result is  Sorry! There are no products to display.
2017-06-10 10:49:05 INFO  Scenario_Search:27 - Executing the Testcase GB_01 Order set is  1.0
2017-06-10 10:49:20 INFO  Scenario_Search:40 - Failed as Actual Result is  Sorry! There are no products to display.  Expected Result is  Sorry! There are no products to displa
2017-06-10 10:56:26 INFO  Scenario_Search:30 - Executing the Testcase GB_01 Order set is  1.0
2017-06-10 11:06:53 INFO  Scenario_Search:30 - Executing the Testcase GB_01 Order set is  1.0
2017-06-10 11:07:07 INFO  Scenario_Search:40 - Passed as Actual Result is  Sorry! There are no products to display.  Expected Result is  Sorry! There are no products to display.
2017-06-10 11:07:32 INFO  Scenario_Search:30 - Executing the Testcase GB_01 Order set is  2.0
2017-06-10 11:07:51 INFO  Scenario_Search:40 - Passed as Actual Result is  Sorry! There are no products to display.  Expected Result is  Sorry! There are no products to display.
2017-06-10 11:20:48 INFO  Scenario_Search:71 - Executing the TestCase  GB_02 Order set is  1.0
2017-06-10 11:21:01 INFO  Scenario_Search:87 - Failed as Actual Result is  221  Expected Result is  221.0
2017-06-10 11:22:45 INFO  Scenario_Search:71 - Executing the TestCase  GB_02 Order set is  1.0
2017-06-10 11:23:07 INFO  Scenario_Search:82 - Passed as Actual Result is  221  Expected Result is  221
2017-06-10 11:23:33 INFO  Scenario_Search:71 - Executing the TestCase  GB_03 Order set is  1.0
2017-06-10 11:24:02 INFO  Scenario_Search:87 - Failed as Actual Result is  400  Expected Result is  428
2017-06-10 11:24:27 INFO  Scenario_Search:71 - Executing the TestCase  GB_04 Order set is  1.0
2017-06-10 11:25:09 INFO  Scenario_Search:87 - Failed as Actual Result is  8  Expected Result is  3
2017-06-10 12:07:55 INFO  Scenario_Search:72 - Executing the TestCase  GB_03 Order set is  1.0
2017-06-10 12:08:33 INFO  Scenario_Search:88 - Failed as Actual Result is  400  Expected Result is  428
2017-06-10 12:53:23 INFO  Scenario_Cart:51 - Passed as Actual Result is  Raw Mango - Diced  Expected Result is Raw Mango - Diced
2017-06-10 12:56:04 INFO  Scenario_Cart:104 - Passed as Actual Result is  There are no items in your basket.  Expected Result is There are no items in your basket.
2017-06-10 13:04:46 INFO  Scenario_Search:30 - Executing the Testcase GB_01 Order set is  1.0
2017-06-10 13:04:58 INFO  Scenario_Search:40 - Passed as Actual Result is  Sorry! There are no products to display.  Expected Result is  Sorry! There are no products to display.
2017-06-10 13:05:23 INFO  Scenario_Search:30 - Executing the Testcase GB_01 Order set is  2.0
2017-06-10 13:05:41 INFO  Scenario_Search:40 - Passed as Actual Result is  Sorry! There are no products to display.  Expected Result is  Sorry! There are no products to display.
2017-06-10 13:06:28 INFO  Scenario_Cart:51 - Passed as Actual Result is  Raw Mango - Diced  Expected Result is Raw Mango - Diced
2017-06-10 13:09:51 INFO  Scenario_Search:30 - Executing the Testcase GB_01 Order set is  1.0
2017-06-10 13:10:32 INFO  Scenario_Search:40 - Passed as Actual Result is  Sorry! There are no products to display.  Expected Result is  Sorry! There are no products to display.
2017-06-10 13:10:58 INFO  Scenario_Search:30 - Executing the Testcase GB_01 Order set is  2.0
2017-06-10 13:11:20 INFO  Scenario_Search:40 - Passed as Actual Result is  Sorry! There are no products to display.  Expected Result is  Sorry! There are no products to display.
2017-06-10 13:22:36 INFO  Scenario_Search:30 - Executing the Testcase GB_01 Order set is  1.0
2017-06-10 13:22:50 INFO  Scenario_Search:40 - Passed as Actual Result is  Sorry! There are no products to display.  Expected Result is  Sorry! There are no products to display.
